TN:
SF:app.js
FN:23,(anonymous_0)
FN:32,(anonymous_1)
FN:43,(anonymous_2)
FN:44,(anonymous_3)
FN:56,(anonymous_4)
FNF:5
FNH:0
FNDA:0,(anonymous_0)
FNDA:0,(anonymous_1)
FNDA:0,(anonymous_2)
FNDA:0,(anonymous_3)
FNDA:0,(anonymous_4)
DA:2,2
DA:3,2
DA:4,2
DA:5,2
DA:8,2
DA:9,2
DA:11,2
DA:14,2
DA:15,2
DA:16,2
DA:19,2
DA:20,2
DA:23,2
DA:24,0
DA:25,0
DA:32,2
DA:33,0
DA:40,2
DA:41,0
DA:43,0
DA:44,0
DA:47,2
DA:50,2
DA:53,2
DA:56,2
DA:57,0
DA:58,0
LF:27
LH:19
BRDA:27,0,0,0
BRDA:27,0,1,0
BRDA:40,1,0,0
BRDA:40,1,1,2
BRDA:58,2,0,0
BRDA:58,2,1,0
BRDA:60,3,0,0
BRDA:60,3,1,0
BRDA:61,4,0,0
BRDA:61,4,1,0
BRF:10
BRH:1
end_of_record
TN:
SF:server.js
FN:11,(anonymous_0)
FN:14,(anonymous_1)
FN:20,(anonymous_2)
FNF:3
FNH:0
FNDA:0,(anonymous_0)
FNDA:0,(anonymous_1)
FNDA:0,(anonymous_2)
DA:2,0
DA:3,0
DA:4,0
DA:6,0
DA:9,0
DA:12,0
DA:14,0
DA:15,0
DA:16,0
DA:17,0
DA:21,0
DA:22,0
LF:12
LH:0
BRDA:6,0,0,0
BRDA:6,0,1,0
BRF:2
BRH:0
end_of_record
TN:
SF:controllers/authController.js
FN:6,(anonymous_0)
FN:35,(anonymous_1)
FNF:2
FNH:2
FNDA:2,(anonymous_0)
FNDA:2,(anonymous_1)
DA:2,2
DA:3,2
DA:4,2
DA:6,2
DA:7,2
DA:8,2
DA:9,2
DA:11,2
DA:12,1
DA:15,1
DA:16,1
DA:18,1
DA:22,0
DA:31,1
DA:35,2
DA:36,2
DA:37,2
DA:38,2
DA:40,2
DA:41,1
DA:44,1
DA:48,0
DA:57,1
LF:23
LH:21
BRDA:11,0,0,1
BRDA:11,0,1,1
BRDA:40,1,0,1
BRDA:40,1,1,1
BRDA:40,2,0,2
BRDA:40,2,1,2
BRF:6
BRH:6
end_of_record
TN:
SF:controllers/userController.js
FN:4,(anonymous_0)
FN:12,(anonymous_1)
FN:16,(anonymous_2)
FN:22,(anonymous_3)
FNF:4
FNH:0
FNDA:0,(anonymous_0)
FNDA:0,(anonymous_1)
FNDA:0,(anonymous_2)
FNDA:0,(anonymous_3)
DA:2,2
DA:4,2
DA:5,0
DA:6,0
DA:8,0
DA:12,2
DA:13,0
DA:14,0
DA:15,0
DA:16,0
DA:18,0
DA:19,0
DA:22,0
DA:23,0
DA:26,0
DA:27,0
DA:29,0
LF:17
LH:3
BRDA:18,0,0,0
BRDA:18,0,1,0
BRF:2
BRH:0
end_of_record
TN:
SF:middleware/auth.js
FN:5,(anonymous_0)
FNF:1
FNH:1
FNDA:4,(anonymous_0)
DA:2,2
DA:3,2
DA:5,2
DA:6,4
DA:7,4
DA:9,4
DA:10,1
DA:13,3
DA:14,0
DA:16,0
DA:17,0
DA:20,0
DA:21,0
DA:23,3
DA:27,2
LF:15
LH:10
BRDA:9,0,0,1
BRDA:9,0,1,3
BRDA:16,1,0,0
BRDA:16,1,1,0
BRF:4
BRH:2
end_of_record
TN:
SF:models/User.js
FN:37,(anonymous_0)
FNF:1
FNH:1
FNDA:8,(anonymous_0)
DA:2,3
DA:3,3
DA:5,3
DA:37,3
DA:38,8
DA:40,8
DA:41,8
DA:42,8
DA:44,0
DA:48,3
DA:50,3
LF:11
LH:10
BRDA:38,0,0,0
BRDA:38,0,1,8
BRF:2
BRH:1
end_of_record
TN:
SF:models/index.js
FNF:0
FNH:0
DA:2,0
DA:4,0
LF:2
LH:0
BRF:0
BRH:0
end_of_record
TN:
SF:routes/auth.js
FNF:0
FNH:0
DA:2,2
DA:3,2
DA:4,2
DA:6,2
DA:7,2
DA:9,2
LF:6
LH:6
BRF:0
BRH:0
end_of_record
TN:
SF:routes/user.js
FNF:0
FNH:0
DA:2,2
DA:3,2
DA:4,2
DA:5,2
DA:7,2
DA:8,2
DA:10,2
LF:7
LH:7
BRF:0
BRH:0
end_of_record
TN:
SF:tests/helpers/testUtils.js
FN:5,(anonymous_0)
FN:16,(anonymous_1)
FN:24,(anonymous_2)
FNF:3
FNH:3
FNDA:6,(anonymous_0)
FNDA:3,(anonymous_1)
FNDA:3,(anonymous_2)
DA:2,2
DA:3,2
DA:5,2
DA:6,6
DA:13,6
DA:16,2
DA:17,3
DA:24,2
DA:25,3
DA:26,3
DA:27,3
DA:30,2
LF:12
LH:12
BRDA:5,0,0,3
BRDA:19,1,0,3
BRDA:19,1,1,3
BRDA:24,2,0,3
BRF:4
BRH:4
end_of_record
